Récupération des données de l'url
Téléchargement
Téléchargement 1
Récupération des données de l'url
Téléchargement
Téléchargement 1
Téléchargement 1 -- OK
Téléchargement 2 -- OK
Téléchargement 3 -- OK
Téléchargement 4 -- OK
Téléchargement 5 -- OK
Téléchargement 6 -- OK
Téléchargement 7 -- OK
Téléchargement 8 -- OK
Téléchargement 9 -- OK
Téléchargement 10 -- OK
Téléchargement 11 -- OK
Téléchargement 12 -- OK
Téléchargement 13 -- OK
Récupération des données de l'url
Téléchargement
Récupération des données de l'url
Téléchargement
Récupération des données de l'url
Téléchargement
Récupération des données de l'url
Téléchargement
Téléchargement 1
Téléchargement 1 -- OK
Téléchargement 2 -- OK
Téléchargement 3 -- OK
Téléchargement 4 -- OK
Téléchargement 5 -- OK
Téléchargement 6 -- OK
Téléchargement 7 -- OK
Téléchargement 8 -- OK
Téléchargement 9 -- OK
Téléchargement 10 -- OK
Téléchargement 11 -- OK
Téléchargement 12 -- OK
Téléchargement 13 -- OK
Récupération des données de l'url
Téléchargement 1
Téléchargement 1 -- OK
Téléchargement 2 -- OK
Téléchargement 3 -- OK
Téléchargement 4 -- OK
Téléchargement 5 -- OK
Téléchargement 6 -- OK
Téléchargement 7 -- OK
Téléchargement 8 -- OK
Téléchargement 9 -- OK
Téléchargement 10 -- OK
Téléchargement 11 -- OK
Téléchargement 12 -- OK
Téléchargement 13 -- OK
Réduction des images
Réduction des images OK
Conversion en GIF
Conversion en GIF -- K
Récupération des données de l'url
Téléchargement 1
Téléchargement 1 -- OK
Téléchargement 2 -- OK
Téléchargement 3 -- OK
Téléchargement 4 -- OK
Téléchargement 5 -- OK
Téléchargement 6 -- OK
Téléchargement 7 -- OK
Téléchargement 8 -- OK
Téléchargement 9 -- OK
Téléchargement 10 -- OK
Téléchargement 11 -- OK
Téléchargement 12 -- OK
Téléchargement 13 -- OK
Réduction des images
Réduction des images OK
Conversion en GIF
Conversion en GIF -- K
